<?xml version="1.0" encoding="UTF-8"?>
<testsuite xmlns:xsi="http://www.w3.org/2001/XMLSchema-instance" xsi:noNamespaceSchemaLocation="https://maven.apache.org/surefire/maven-surefire-plugin/xsd/surefire-test-report.xsd" version="3.0.2" name="com.example.pokedex.service.PokemonServiceTest" time="11.982" tests="9" errors="1" skipped="0" failures="0">
  <properties>
[...]
</properties>
  <testcase name="testImportPokemonFromAPI" classname="com.example.pokedex.service.PokemonServiceTest" time="11.939">
    <system-out><![CDATA[Starte den Import von 1302 Pokémon...
Pokemon importiert: Venusaur (1/1302)
Pokemon importiert: Metapod (2/1302)
Pokemon importiert: Charmeleon (3/1302)
Pokemon importiert: Caterpie (4/1302)
Pokemon importiert: Bulbasaur (5/1302)
Pokemon importiert: Ivysaur (6/1302)
Pokemon importiert: Weedle (7/1302)
Pokemon importiert: Butterfree (8/1302)
Pokemon importiert: Kakuna (9/1302)
Pokemon importiert: Charizard (10/1302)
Pokemon importiert: Beedrill (11/1302)
Pokemon importiert: Charmander (12/1302)
Pokemon importiert: Pidgeot (13/1302)
Pokemon importiert: Raticate (14/1302)
Pokemon importiert: Pidgey (15/1302)
Pokemon importiert: Spearow (16/1302)
Pokemon importiert: Pidgeotto (17/1302)
Pokemon importiert: Fearow (18/1302)
Pokemon importiert: Rattata (19/1302)
Pokemon importiert: Squirtle (20/1302)
Pokemon importiert: Wartortle (21/1302)
Pokemon importiert: Blastoise (22/1302)
Pokemon importiert: Arbok (23/1302)
Pokemon importiert: Raichu (24/1302)
Pokemon importiert: Ekans (25/1302)
Pokemon importiert: Sandslash (26/1302)
Pokemon importiert: Nidoking (27/1302)
Pokemon importiert: Pikachu (28/1302)
Pokemon importiert: Nidorino (29/1302)
Pokemon importiert: Nidorina (30/1302)
Pokemon importiert: Nidoqueen (31/1302)
Pokemon importiert: Nidoran-m (32/1302)
Pokemon importiert: Clefable (33/1302)
Pokemon importiert: Nidoran-f (35/1302)
Pokemon importiert: Sandshrew (34/1302)
Pokemon importiert: Vulpix (36/1302)
Pokemon importiert: Clefairy (37/1302)
Pokemon importiert: Ninetales (38/1302)
Pokemon importiert: Zubat (39/1302)
Pokemon importiert: Vileplume (40/1302)
Pokemon importiert: Gloom (41/1302)
Pokemon importiert: Paras (42/1302)
Pokemon importiert: Venonat (43/1302)
Pokemon importiert: Parasect (44/1302)
Pokemon importiert: Oddish (45/1302)
Pokemon importiert: Jigglypuff (46/1302)
Pokemon importiert: Golbat (47/1302)
Pokemon importiert: Diglett (48/1302)
Pokemon importiert: Venomoth (49/1302)
Pokemon importiert: Meowth (50/1302)
Pokemon importiert: Mankey (51/1302)
Pokemon importiert: Dugtrio (52/1302)
Pokemon importiert: Psyduck (53/1302)
Pokemon importiert: Primeape (54/1302)
Pokemon importiert: Arcanine (55/1302)
Pokemon importiert: Growlithe (56/1302)
Pokemon importiert: Golduck (57/1302)
Pokemon importiert: Poliwag (58/1302)
Pokemon importiert: Kadabra (59/1302)
Pokemon importiert: Machop (60/1302)
Pokemon importiert: Wigglytuff (61/1302)
Pokemon importiert: Machoke (62/1302)
Pokemon importiert: Machamp (63/1302)
Pokemon importiert: Alakazam (64/1302)
Pokemon importiert: Abra (65/1302)
Pokemon importiert: Bellsprout (66/1302)
Pokemon importiert: Poliwrath (67/1302)
Pokemon importiert: Weepinbell (68/1302)
Pokemon importiert: Poliwhirl (69/1302)
Pokemon importiert: Victreebel (70/1302)
Pokemon importiert: Golem (71/1302)
Pokemon importiert: Rapidash (72/1302)
Pokemon importiert: Geodude (73/1302)
Pokemon importiert: Persian (74/1302)
Pokemon importiert: Tentacruel (75/1302)
Pokemon importiert: Tentacool (76/1302)
Pokemon importiert: Slowbro (77/1302)
Pokemon importiert: Magnemite (78/1302)
Pokemon importiert: Ponyta (79/1302)
Pokemon importiert: Magneton (80/1302)
Pokemon importiert: Doduo (81/1302)
Pokemon importiert: Slowpoke (82/1302)
Pokemon importiert: Graveler (83/1302)
Pokemon importiert: Farfetchd (84/1302)
Pokemon importiert: Dodrio (85/1302)
Pokemon importiert: Dewgong (86/1302)
Pokemon importiert: Grimer (87/1302)
Pokemon importiert: Cloyster (88/1302)
Pokemon importiert: Seel (89/1302)
Pokemon importiert: Shellder (90/1302)
Pokemon importiert: Krabby (91/1302)
Pokemon importiert: Onix (92/1302)
Pokemon importiert: Gengar (93/1302)
Pokemon importiert: Gastly (94/1302)
Pokemon importiert: Hypno (95/1302)
Pokemon importiert: Muk (96/1302)
Pokemon importiert: Haunter (97/1302)
Pokemon importiert: Kingler (98/1302)
Pokemon importiert: Drowzee (99/1302)
Pokemon importiert: Electrode (100/1302)
Pokemon importiert: Weezing (101/1302)
Pokemon importiert: Voltorb (102/1302)
Pokemon importiert: Lickitung (103/1302)
Pokemon importiert: Cubone (104/1302)
Pokemon importiert: Rhyhorn (105/1302)
Pokemon importiert: Exeggutor (106/1302)
Pokemon importiert: Koffing (107/1302)
Pokemon importiert: Marowak (108/1302)
Pokemon importiert: Hitmonlee (109/1302)
Pokemon importiert: Hitmonchan (110/1302)
Pokemon importiert: Exeggcute (111/1302)
Pokemon importiert: Chansey (112/1302)
Pokemon importiert: Kangaskhan (113/1302)
Pokemon importiert: Rhydon (114/1302)
Pokemon importiert: Tangela (115/1302)
Pokemon importiert: Mr-mime (116/1302)
Pokemon importiert: Scyther (117/1302)
Pokemon importiert: Staryu (118/1302)
Pokemon importiert: Horsea (119/1302)
Pokemon importiert: Seaking (120/1302)
Pokemon importiert: Goldeen (121/1302)
Pokemon importiert: Electabuzz (122/1302)
Pokemon importiert: Jynx (123/1302)
Pokemon importiert: Starmie (124/1302)
Pokemon importiert: Magmar (125/1302)
Pokemon importiert: Seadra (126/1302)
Pokemon importiert: Pinsir (127/1302)
Pokemon importiert: Magikarp (128/1302)
Pokemon importiert: Ditto (129/1302)
Pokemon importiert: Porygon (130/1302)
Pokemon importiert: Flareon (131/1302)
Pokemon importiert: Gyarados (132/1302)
Pokemon importiert: Tauros (133/1302)
Pokemon importiert: Eevee (134/1302)
Pokemon importiert: Kabuto (135/1302)
Pokemon importiert: Vaporeon (136/1302)
Pokemon importiert: Jolteon (137/1302)
Pokemon importiert: Kabutops (138/1302)
Pokemon importiert: Lapras (139/1302)
Pokemon importiert: Omanyte (140/1302)
Pokemon importiert: Aerodactyl (141/1302)
Pokemon importiert: Omastar (142/1302)
Pokemon importiert: Zapdos (143/1302)
Pokemon importiert: Dragonair (144/1302)
Pokemon importiert: Bayleef (145/1302)
Pokemon importiert: Articuno (146/1302)
Pokemon importiert: Snorlax (147/1302)
Pokemon importiert: Dratini (148/1302)
Pokemon importiert: Cyndaquil (149/1302)
Pokemon importiert: Moltres (150/1302)
Pokemon importiert: Chikorita (151/1302)
Pokemon importiert: Mew (152/1302)
Pokemon importiert: Quilava (153/1302)
Pokemon importiert: Dragonite (154/1302)
Pokemon importiert: Meganium (155/1302)
Pokemon importiert: Mewtwo (156/1302)
Pokemon importiert: Croconaw (157/1302)
Pokemon importiert: Spinarak (158/1302)
Pokemon importiert: Ledyba (159/1302)
Pokemon importiert: Typhlosion (160/1302)
Pokemon importiert: Furret (161/1302)
Pokemon importiert: Noctowl (162/1302)
Pokemon importiert: Hoothoot (163/1302)
Pokemon importiert: Sentret (164/1302)
Pokemon importiert: Ariados (165/1302)
Pokemon importiert: Totodile (166/1302)
Pokemon importiert: Ledian (167/1302)
Pokemon importiert: Crobat (168/1302)
Pokemon importiert: Feraligatr (169/1302)
Pokemon importiert: Lanturn (170/1302)
Pokemon importiert: Chinchou (171/1302)
Pokemon importiert: Igglybuff (172/1302)
Pokemon importiert: Bellossom (173/1302)
Pokemon importiert: Pichu (174/1302)
Pokemon importiert: Flaaffy (175/1302)
Pokemon importiert: Ampharos (176/1302)
Pokemon importiert: Marill (177/1302)
Pokemon importiert: Togetic (178/1302)
Pokemon importiert: Mareep (179/1302)
Pokemon importiert: Xatu (180/1302)
Pokemon importiert: Cleffa (181/1302)
Pokemon importiert: Sudowoodo (182/1302)
Pokemon importiert: Togepi (183/1302)
Pokemon importiert: Natu (184/1302)
Pokemon importiert: Azumarill (185/1302)
Pokemon importiert: Skiploom (186/1302)
Pokemon importiert: Politoed (187/1302)
Pokemon importiert: Espeon (188/1302)
Pokemon importiert: Sunflora (189/1302)
Pokemon importiert: Jumpluff (190/1302)
Pokemon importiert: Quagsire (191/1302)
Pokemon importiert: Sunkern (192/1302)
Pokemon importiert: Hoppip (193/1302)
Pokemon importiert: Yanma (194/1302)
Pokemon importiert: Aipom (195/1302)
Pokemon importiert: Murkrow (196/1302)
Pokemon importiert: Unown (197/1302)
Pokemon importiert: Umbreon (198/1302)
Pokemon importiert: Wooper (199/1302)
Pokemon importiert: Wobbuffet (200/1302)
Pokemon importiert: Slowking (201/1302)
Pokemon importiert: Dunsparce (202/1302)
Pokemon importiert: Scizor (203/1302)
Pokemon importiert: Misdreavus (204/1302)
Pokemon importiert: Qwilfish (205/1302)
Pokemon importiert: Steelix (206/1302)
Pokemon importiert: Gligar (207/1302)
Pokemon importiert: Girafarig (208/1302)
Pokemon importiert: Pineco (209/1302)
Pokemon importiert: Granbull (210/1302)
Pokemon importiert: Shuckle (211/1302)
Pokemon importiert: Snubbull (212/1302)
Pokemon importiert: Sneasel (213/1302)
Pokemon importiert: Teddiursa (214/1302)
Pokemon importiert: Ursaring (215/1302)
Pokemon importiert: Piloswine (216/1302)
Pokemon importiert: Slugma (217/1302)
Pokemon importiert: Heracross (218/1302)
Pokemon importiert: Magcargo (219/1302)
Pokemon importiert: Swinub (220/1302)
Pokemon importiert: Remoraid (222/1302)
Pokemon importiert: Mantine (221/1302)
Pokemon importiert: Delibird (223/1302)
Pokemon importiert: Octillery (224/1302)
Pokemon importiert: Corsola (225/1302)
Pokemon importiert: Donphan (226/1302)
Pokemon importiert: Skarmory (227/1302)
Pokemon importiert: Phanpy (228/1302)
Pokemon importiert: Houndour (229/1302)
Pokemon importiert: Kingdra (230/1302)
Pokemon importiert: Tyrogue (231/1302)
Pokemon importiert: Porygon2 (232/1302)
Pokemon importiert: Smeargle (233/1302)
Pokemon importiert: Stantler (234/1302)
Pokemon importiert: Houndoom (235/1302)
Pokemon importiert: Elekid (236/1302)
Pokemon importiert: Miltank (237/1302)
Pokemon importiert: Magby (238/1302)
Pokemon importiert: Hitmontop (239/1302)
Pokemon importiert: Forretress (240/1302)
Pokemon importiert: Pupitar (241/1302)
Pokemon importiert: Smoochum (242/1302)
Pokemon importiert: Blissey (243/1302)
Pokemon importiert: Entei (244/1302)
Pokemon importiert: Larvitar (245/1302)
Pokemon importiert: Raikou (246/1302)
Pokemon importiert: Celebi (247/1302)
Pokemon importiert: Suicune (248/1302)
Pokemon importiert: Torchic (249/1302)
Pokemon importiert: Tyranitar (250/1302)
Pokemon importiert: Treecko (251/1302)
Pokemon importiert: Ho-oh (252/1302)
Pokemon importiert: Blaziken (253/1302)
Pokemon importiert: Grovyle (254/1302)
Pokemon importiert: Lugia (255/1302)
Pokemon importiert: Sceptile (256/1302)
Pokemon importiert: Zigzagoon (257/1302)
Pokemon importiert: Combusken (258/1302)
Pokemon importiert: Marshtomp (259/1302)
Pokemon importiert: Silcoon (260/1302)
Pokemon importiert: Wurmple (261/1302)
Pokemon importiert: Beautifly (262/1302)
Pokemon importiert: Mudkip (263/1302)
Pokemon importiert: Cascoon (264/1302)
Pokemon importiert: Linoone (265/1302)
Pokemon importiert: Swampert (266/1302)
Pokemon importiert: Seedot (267/1302)
Pokemon importiert: Poochyena (268/1302)
Pokemon importiert: Mightyena (269/1302)
Pokemon importiert: Dustox (270/1302)
Pokemon importiert: Lotad (271/1302)
Pokemon importiert: Swellow (272/1302)
Pokemon importiert: Lombre (273/1302)
Pokemon importiert: Taillow (274/1302)
Pokemon importiert: Shiftry (275/1302)
Pokemon importiert: Ralts (276/1302)
Pokemon importiert: Ludicolo (277/1302)
Pokemon importiert: Kirlia (278/1302)
Pokemon importiert: Gardevoir (279/1302)
Pokemon importiert: Nuzleaf (280/1302)
Pokemon importiert: Wingull (281/1302)
Pokemon importiert: Pelipper (282/1302)
Pokemon importiert: Surskit (283/1302)
Pokemon importiert: Shroomish (284/1302)
Pokemon importiert: Slaking (285/1302)
Pokemon importiert: Breloom (286/1302)
Pokemon importiert: Masquerain (287/1302)
Pokemon importiert: Vigoroth (288/1302)
Pokemon importiert: Nincada (289/1302)
Pokemon importiert: Shedinja (290/1302)
Pokemon importiert: Ninjask (291/1302)
Pokemon importiert: Whismur (292/1302)
Pokemon importiert: Slakoth (293/1302)
Pokemon importiert: Exploud (294/1302)
Pokemon importiert: Loudred (295/1302)
Pokemon importiert: Makuhita (296/1302)
Pokemon importiert: Azurill (297/1302)
Pokemon importiert: Hariyama (298/1302)
Pokemon importiert: Aron (299/1302)
Pokemon importiert: Delcatty (300/1302)
Pokemon importiert: Lairon (301/1302)
Pokemon importiert: Electrike (302/1302)
Pokemon importiert: Nosepass (303/1302)
Pokemon importiert: Skitty (304/1302)
Pokemon importiert: Aggron (305/1302)
Pokemon importiert: Meditite (306/1302)
Pokemon importiert: Sableye (307/1302)
Pokemon importiert: Mawile (308/1302)
Pokemon importiert: Medicham (309/1302)
Pokemon importiert: Minun (310/1302)
Pokemon importiert: Plusle (311/1302)
Pokemon importiert: Roselia (312/1302)
Pokemon importiert: Manectric (313/1302)
Pokemon importiert: Gulpin (314/1302)
Pokemon importiert: Volbeat (315/1302)
Pokemon importiert: Illumise (316/1302)
Pokemon importiert: Wailmer (317/1302)
Pokemon importiert: Carvanha (318/1302)
Pokemon importiert: Swalot (319/1302)
Pokemon importiert: Sharpedo (320/1302)
Pokemon importiert: Numel (321/1302)
Pokemon importiert: Wailord (322/1302)
Pokemon importiert: Camerupt (323/1302)
Pokemon importiert: Torkoal (324/1302)
Pokemon importiert: Spinda (325/1302)
Pokemon importiert: Spoink (326/1302)
Pokemon importiert: Trapinch (327/1302)
Pokemon importiert: Vibrava (328/1302)
Pokemon importiert: Grumpig (329/1302)
Pokemon importiert: Cacturne (330/1302)
Pokemon importiert: Cacnea (331/1302)
Pokemon importiert: Zangoose (332/1302)
Pokemon importiert: Altaria (333/1302)
Pokemon importiert: Flygon (334/1302)
Pokemon importiert: Swablu (335/1302)
Pokemon importiert: Whiscash (336/1302)
Pokemon importiert: Crawdaunt (337/1302)
Pokemon importiert: Seviper (338/1302)
Pokemon importiert: Corphish (339/1302)
Pokemon importiert: Baltoy (340/1302)
Pokemon importiert: Lunatone (341/1302)
Pokemon importiert: Solrock (343/1302)
Pokemon importiert: Barboach (342/1302)
Pokemon importiert: Claydol (344/1302)
Pokemon importiert: Lileep (345/1302)
Pokemon importiert: Cradily (346/1302)
Pokemon importiert: Anorith (347/1302)
Pokemon importiert: Feebas (348/1302)
Pokemon importiert: Milotic (349/1302)
Pokemon importiert: Tropius (350/1302)
Pokemon importiert: Armaldo (351/1302)
Pokemon importiert: Castform (352/1302)
Pokemon importiert: Shuppet (353/1302)
Pokemon importiert: Dusclops (354/1302)
Pokemon importiert: Banette (355/1302)
Pokemon importiert: Wynaut (356/1302)
Pokemon importiert: Duskull (357/1302)
Pokemon importiert: Kecleon (358/1302)
Pokemon importiert: Chimecho (359/1302)
Pokemon importiert: Absol (360/1302)
Pokemon importiert: Clamperl (361/1302)
Pokemon importiert: Sealeo (362/1302)
Pokemon importiert: Snorunt (363/1302)
Pokemon importiert: Spheal (364/1302)
Pokemon importiert: Walrein (365/1302)
Pokemon importiert: Luvdisc (366/1302)
Pokemon importiert: Glalie (367/1302)
Pokemon importiert: Bagon (368/1302)
Pokemon importiert: Gorebyss (369/1302)
Pokemon importiert: Relicanth (370/1302)
Pokemon importiert: Huntail (371/1302)
Pokemon importiert: Shelgon (372/1302)
Pokemon importiert: Beldum (373/1302)
Pokemon importiert: Regice (374/1302)
Pokemon importiert: Metagross (375/1302)
Pokemon importiert: Registeel (376/1302)
Pokemon importiert: Metang (377/1302)
Pokemon importiert: Salamence (378/1302)
Pokemon importiert: Kyogre (379/1302)
Pokemon importiert: Regirock (380/1302)
Pokemon importiert: Rayquaza (381/1302)
Pokemon importiert: Latios (382/1302)
Pokemon importiert: Latias (383/1302)
Pokemon importiert: Jirachi (384/1302)
Pokemon importiert: Groudon (385/1302)
Pokemon importiert: Torterra (386/1302)
Pokemon importiert: Turtwig (387/1302)
Pokemon importiert: Deoxys-normal (388/1302)
Pokemon importiert: Monferno (389/1302)
Pokemon importiert: Grotle (390/1302)
Pokemon importiert: Prinplup (391/1302)
Pokemon importiert: Chimchar (392/1302)
Pokemon importiert: Piplup (393/1302)
Pokemon importiert: Infernape (394/1302)
Pokemon importiert: Kricketot (395/1302)
Pokemon importiert: Starly (396/1302)
Pokemon importiert: Empoleon (397/1302)
Pokemon importiert: Staravia (398/1302)
Pokemon importiert: Staraptor (399/1302)
Pokemon importiert: Bidoof (400/1302)
Pokemon importiert: Bibarel (401/1302)
Pokemon importiert: Luxray (402/1302)
Pokemon importiert: Kricketune (403/1302)
Pokemon importiert: Budew (404/1302)
Pokemon importiert: Shieldon (405/1302)
Pokemon importiert: Shinx (406/1302)
Pokemon importiert: Luxio (407/1302)
Pokemon importiert: Roserade (408/1302)
Pokemon importiert: Rampardos (409/1302)
Pokemon importiert: Burmy (410/1302)
Pokemon importiert: Cranidos (411/1302)
Pokemon importiert: Combee (412/1302)
Pokemon importiert: Mothim (413/1302)
Pokemon importiert: Wormadam-plant (414/1302)
Pokemon importiert: Buizel (415/1302)
Pokemon importiert: Bastiodon (416/1302)
Pokemon importiert: Cherubi (417/1302)
Pokemon importiert: Floatzel (418/1302)
Pokemon importiert: Cherrim (419/1302)
Pokemon importiert: Pachirisu (420/1302)
Pokemon importiert: Shellos (421/1302)
Pokemon importiert: Vespiquen (422/1302)
Pokemon importiert: Purugly (423/1302)
Pokemon importiert: Gastrodon (424/1302)
Pokemon importiert: Mismagius (425/1302)
Pokemon importiert: Honchkrow (426/1302)
Pokemon importiert: Lopunny (427/1302)
Pokemon importiert: Ambipom (428/1302)
Pokemon importiert: Buneary (429/1302)
Pokemon importiert: Glameow (430/1302)
Pokemon importiert: Drifloon (431/1302)
Pokemon importiert: Chingling (432/1302)
Pokemon importiert: Drifblim (433/1302)
Pokemon importiert: Stunky (434/1302)
Pokemon importiert: Skuntank (435/1302)
Pokemon importiert: Bronzor (436/1302)
Pokemon importiert: Spiritomb (437/1302)
Pokemon importiert: Chatot (438/1302)
Pokemon importiert: Happiny (439/1302)
Pokemon importiert: Bronzong (440/1302)
Pokemon importiert: Bonsly (441/1302)
Pokemon importiert: Mime-jr (442/1302)
Pokemon importiert: Gible (443/1302)
Pokemon importiert: Riolu (444/1302)
Pokemon importiert: Gabite (445/1302)
Pokemon importiert: Garchomp (446/1302)
Pokemon importiert: Munchlax (447/1302)
Pokemon importiert: Hippowdon (448/1302)
Pokemon importiert: Hippopotas (449/1302)
Pokemon importiert: Toxicroak (450/1302)
Pokemon importiert: Drapion (451/1302)
Pokemon importiert: Skorupi (452/1302)
Pokemon importiert: Lucario (453/1302)
Pokemon importiert: Carnivine (454/1302)
Pokemon importiert: Finneon (455/1302)
Pokemon importiert: Magnezone (456/1302)
Pokemon importiert: Lumineon (457/1302)
Pokemon importiert: Croagunk (458/1302)
Pokemon importiert: Mantyke (459/1302)
Pokemon importiert: Snover (460/1302)
Pokemon importiert: Electivire (461/1302)
Pokemon importiert: Abomasnow (462/1302)
Pokemon importiert: Rhyperior (463/1302)
Pokemon importiert: Lickilicky (464/1302)
Pokemon importiert: Weavile (465/1302)
Pokemon importiert: Tangrowth (466/1302)
Pokemon importiert: Magmortar (467/1302)
Pokemon importiert: Glaceon (468/1302)
Pokemon importiert: Togekiss (469/1302)
Pokemon importiert: Yanmega (470/1302)
Pokemon importiert: Froslass (471/1302)
Pokemon importiert: Leafeon (472/1302)
Pokemon importiert: Gliscor (473/1302)
Pokemon importiert: Probopass (474/1302)
Pokemon importiert: Porygon-z (475/1302)
Pokemon importiert: Mesprit (476/1302)
Pokemon importiert: Mamoswine (477/1302)
Pokemon importiert: Dusknoir (478/1302)
Pokemon importiert: Rotom (479/1302)
Pokemon importiert: Uxie (480/1302)
Pokemon importiert: Regigigas (481/1302)
Pokemon importiert: Gallade (482/1302)
Pokemon importiert: Dialga (483/1302)
Pokemon importiert: Darkrai (484/1302)
Pokemon importiert: Palkia (485/1302)
Pokemon importiert: Heatran (486/1302)
Pokemon importiert: Phione (487/1302)
Pokemon importiert: Cresselia (488/1302)
Pokemon importiert: Giratina-altered (489/1302)
Pokemon importiert: Azelf (490/1302)
Pokemon importiert: Shaymin-land (491/1302)
Pokemon importiert: Victini (492/1302)
Pokemon importiert: Manaphy (493/1302)
Pokemon importiert: Snivy (494/1302)
Pokemon importiert: Dewott (495/1302)
Pokemon importiert: Servine (496/1302)
Pokemon importiert: Arceus (497/1302)
Pokemon importiert: Tepig (498/1302)
Pokemon importiert: Serperior (499/1302)
Pokemon importiert: Oshawott (500/1302)
Pokemon importiert: Pignite (501/1302)
Pokemon importiert: Watchog (502/1302)
Pokemon importiert: Samurott (503/1302)
Pokemon importiert: Patrat (504/1302)
Pokemon importiert: Emboar (505/1302)
Pokemon importiert: Lillipup (506/1302)
Pokemon importiert: Pansage (507/1302)
Pokemon importiert: Stoutland (508/1302)
Pokemon importiert: Herdier (509/1302)
Pokemon importiert: Purrloin (510/1302)
Pokemon importiert: Liepard (511/1302)
Pokemon importiert: Simisage (512/1302)
Pokemon importiert: Munna (513/1302)
Pokemon importiert: Pansear (514/1302)
Pokemon importiert: Panpour (515/1302)
Pokemon importiert: Simisear (516/1302)
Pokemon importiert: Simipour (517/1302)
Pokemon importiert: Musharna (518/1302)
Pokemon importiert: Pidove (519/1302)
Pokemon importiert: Zebstrika (520/1302)
Pokemon importiert: Tranquill (521/1302)
Pokemon importiert: Unfezant (522/1302)
Pokemon importiert: Blitzle (523/1302)
Pokemon importiert: Roggenrola (524/1302)
Pokemon importiert: Excadrill (525/1302)
Pokemon importiert: Boldore (526/1302)
Pokemon importiert: Gigalith (527/1302)
Pokemon importiert: Drilbur (528/1302)
Pokemon importiert: Woobat (529/1302)
Pokemon importiert: Swoobat (530/1302)
Pokemon importiert: Tympole (531/1302)
Pokemon importiert: Palpitoad (532/1302)
Pokemon importiert: Gurdurr (533/1302)
Pokemon importiert: Audino (534/1302)
Pokemon importiert: Timburr (535/1302)
Pokemon importiert: Swadloon (536/1302)
Pokemon importiert: Conkeldurr (537/1302)
Pokemon importiert: Throh (538/1302)
Pokemon importiert: Seismitoad (539/1302)
Pokemon importiert: Sewaddle (540/1302)
Pokemon importiert: Sawk (541/1302)
Pokemon importiert: Scolipede (542/1302)
Pokemon importiert: Cottonee (543/1302)
Pokemon importiert: Whirlipede (544/1302)
Pokemon importiert: Venipede (545/1302)
Pokemon importiert: Leavanny (546/1302)
Pokemon importiert: Petilil (547/1302)
Pokemon importiert: Whimsicott (548/1302)
Pokemon importiert: Lilligant (549/1302)
Pokemon importiert: Basculin-red-striped (550/1302)
Pokemon importiert: Sandile (551/1302)
Pokemon importiert: Krookodile (552/1302)
Pokemon importiert: Darumaka (553/1302)
Pokemon importiert: Dwebble (554/1302)
Pokemon importiert: Maractus (555/1302)
Pokemon importiert: Darmanitan-standard (556/1302)
Pokemon importiert: Krokorok (557/1302)
Pokemon importiert: Crustle (558/1302)
Pokemon importiert: Yamask (559/1302)
Pokemon importiert: Scrafty (560/1302)
Pokemon importiert: Scraggy (561/1302)
Pokemon importiert: Sigilyph (562/1302)
Pokemon importiert: Tirtouga (563/1302)
Pokemon importiert: Cofagrigus (564/1302)
Pokemon importiert: Garbodor (565/1302)
Pokemon importiert: Carracosta (566/1302)
Pokemon importiert: Archeops (567/1302)
Pokemon importiert: Archen (568/1302)
Pokemon importiert: Trubbish (569/1302)
Pokemon importiert: Zorua (570/1302)
Pokemon importiert: Gothorita (571/1302)
Pokemon importiert: Minccino (572/1302)
Pokemon importiert: Cinccino (573/1302)
Pokemon importiert: Zoroark (574/1302)
Pokemon importiert: Gothita (575/1302)
Pokemon importiert: Solosis (576/1302)
Pokemon importiert: Gothitelle (577/1302)
Pokemon importiert: Duosion (578/1302)
Pokemon importiert: Vanillite (579/1302)
Pokemon importiert: Ducklett (580/1302)
Pokemon importiert: Reuniclus (581/1302)
Pokemon importiert: Vanillish (582/1302)
Pokemon importiert: Swanna (583/1302)
Pokemon importiert: Deerling (584/1302)
Pokemon importiert: Escavalier (585/1302)
Pokemon importiert: Vanilluxe (586/1302)
Pokemon importiert: Sawsbuck (587/1302)
Pokemon importiert: Karrablast (588/1302)
Pokemon importiert: Emolga (589/1302)
Pokemon importiert: Foongus (590/1302)
Pokemon importiert: Joltik (591/1302)
Pokemon importiert: Amoonguss (592/1302)
Pokemon importiert: Frillish (593/1302)
Pokemon importiert: Jellicent (594/1302)
Pokemon importiert: Alomomola (595/1302)
Pokemon importiert: Klinklang (596/1302)
Pokemon importiert: Tynamo (597/1302)
Pokemon importiert: Galvantula (598/1302)
Pokemon importiert: Ferroseed (599/1302)
Pokemon importiert: Klink (600/1302)
Pokemon importiert: Klang (601/1302)
Pokemon importiert: Ferrothorn (602/1302)
Pokemon importiert: Eelektrik (603/1302)
Pokemon importiert: Beheeyem (604/1302)
Pokemon importiert: Eelektross (605/1302)
Pokemon importiert: Elgyem (606/1302)
Pokemon importiert: Chandelure (607/1302)
Pokemon importiert: Litwick (608/1302)
Pokemon importiert: Fraxure (609/1302)
Pokemon importiert: Axew (610/1302)
Pokemon importiert: Cubchoo (611/1302)
Pokemon importiert: Beartic (612/1302)
Pokemon importiert: Lampent (613/1302)
Pokemon importiert: Haxorus (614/1302)
Pokemon importiert: Shelmet (615/1302)
Pokemon importiert: Cryogonal (616/1302)
Pokemon importiert: Golett (617/1302)
Pokemon importiert: Accelgor (618/1302)
Pokemon importiert: Stunfisk (619/1302)
Pokemon importiert: Mienfoo (620/1302)
Pokemon importiert: Druddigon (621/1302)
Pokemon importiert: Rufflet (622/1302)
Pokemon importiert: Golurk (623/1302)
Pokemon importiert: Bisharp (624/1302)
Pokemon importiert: Mienshao (625/1302)
Pokemon importiert: Pawniard (626/1302)
Pokemon importiert: Bouffalant (627/1302)
Pokemon importiert: Vullaby (628/1302)
Pokemon importiert: Durant (629/1302)
Pokemon importiert: Braviary (630/1302)
Pokemon importiert: Mandibuzz (631/1302)
Pokemon importiert: Heatmor (632/1302)
Pokemon importiert: Zweilous (633/1302)
Pokemon importiert: Terrakion (634/1302)
Pokemon importiert: Deino (635/1302)
Pokemon importiert: Larvesta (636/1302)
Pokemon importiert: Volcarona (637/1302)
Pokemon importiert: Cobalion (638/1302)
Pokemon importiert: Hydreigon (639/1302)
Pokemon importiert: Virizion (640/1302)
Pokemon importiert: Tornadus-incarnate (641/1302)
Pokemon importiert: Zekrom (642/1302)
Pokemon importiert: Thundurus-incarnate (643/1302)
Pokemon importiert: Reshiram (644/1302)
Pokemon importiert: Landorus-incarnate (645/1302)
Pokemon importiert: Kyurem (646/1302)
Pokemon importiert: Chesnaught (647/1302)
Pokemon importiert: Keldeo-ordinary (648/1302)
Pokemon importiert: Chespin (649/1302)
Pokemon importiert: Meloetta-aria (650/1302)
Pokemon importiert: Quilladin (651/1302)
Pokemon importiert: Genesect (652/1302)
Pokemon importiert: Fennekin (653/1302)
Pokemon importiert: Braixen (654/1302)
Pokemon importiert: Frogadier (655/1302)
Pokemon importiert: Froakie (656/1302)
Pokemon importiert: Delphox (657/1302)
Pokemon importiert: Bunnelby (658/1302)
Pokemon importiert: Scatterbug (659/1302)
Pokemon importiert: Greninja (660/1302)
Pokemon importiert: Fletchling (661/1302)
Pokemon importiert: Spewpa (662/1302)
Pokemon importiert: Diggersby (663/1302)
Pokemon importiert: Fletchinder (664/1302)
Pokemon importiert: Talonflame (665/1302)
Pokemon importiert: Skiddo (666/1302)
Pokemon importiert: Vivillon (667/1302)
Pokemon importiert: Litleo (668/1302)
Pokemon importiert: Flabebe (669/1302)
Pokemon importiert: Pyroar (670/1302)
Pokemon importiert: Floette (671/1302)
Pokemon importiert: Florges (672/1302)
Pokemon importiert: Gogoat (673/1302)
Pokemon importiert: Furfrou (674/1302)
Pokemon importiert: Pancham (675/1302)
Pokemon importiert: Pangoro (676/1302)
Pokemon importiert: Espurr (677/1302)
Pokemon importiert: Honedge (678/1302)
Pokemon importiert: Doublade (679/1302)
Pokemon importiert: Meowstic-male (680/1302)
Pokemon importiert: Swirlix (681/1302)
Pokemon importiert: Aegislash-shield (682/1302)
Pokemon importiert: Spritzee (683/1302)
Pokemon importiert: Aromatisse (684/1302)
Pokemon importiert: Skrelp (685/1302)
Pokemon importiert: Slurpuff (686/1302)
Pokemon importiert: Binacle (687/1302)
Pokemon importiert: Dragalge (688/1302)
Pokemon importiert: Clauncher (689/1302)
Pokemon importiert: Barbaracle (690/1302)
Pokemon importiert: Malamar (691/1302)
Pokemon importiert: Inkay (692/1302)
Pokemon importiert: Helioptile (693/1302)
Pokemon importiert: Clawitzer (694/1302)
Pokemon importiert: Heliolisk (695/1302)
Pokemon importiert: Tyrunt (696/1302)
Pokemon importiert: Sliggoo (697/1302)
Pokemon importiert: Tyrantrum (698/1302)
Pokemon importiert: Sylveon (699/1302)
Pokemon importiert: Amaura (700/1302)
Pokemon importiert: Aurorus (701/1302)
Pokemon importiert: Dedenne (702/1302)
Pokemon importiert: Goomy (703/1302)
Pokemon importiert: Carbink (704/1302)
Pokemon importiert: Hawlucha (705/1302)
Pokemon importiert: Klefki (706/1302)
Pokemon importiert: Phantump (707/1302)
Pokemon importiert: Goodra (708/1302)
Pokemon importiert: Xerneas (709/1302)
Pokemon importiert: Pumpkaboo-average (711/1302)
Pokemon importiert: Bergmite (710/1302)
Pokemon importiert: Gourgeist-average (712/1302)
Pokemon importiert: Trevenant (713/1302)
Pokemon importiert: Avalugg (714/1302)
Pokemon importiert: Noibat (715/1302)
Pokemon importiert: Noivern (716/1302)
Pokemon importiert: Diancie (717/1302)
Pokemon importiert: Yveltal (718/1302)
Pokemon importiert: Zygarde-50 (719/1302)
Pokemon importiert: Rowlet (720/1302)
Pokemon importiert: Hoopa (722/1302)
Pokemon importiert: Dartrix (721/1302)
Pokemon importiert: Incineroar (723/1302)
Pokemon importiert: Volcanion (724/1302)
Pokemon importiert: Torracat (725/1302)
Pokemon importiert: Litten (726/1302)
Pokemon importiert: Decidueye (727/1302)
Pokemon importiert: Popplio (728/1302)
Pokemon importiert: Brionne (729/1302)
Pokemon importiert: Toucannon (730/1302)
Pokemon importiert: Primarina (731/1302)
Pokemon importiert: Pikipek (732/1302)
Pokemon importiert: Trumbeak (733/1302)
Pokemon importiert: Gumshoos (734/1302)
Pokemon importiert: Yungoos (735/1302)
Pokemon importiert: Charjabug (736/1302)
Pokemon importiert: Vikavolt (737/1302)
Pokemon importiert: Grubbin (738/1302)
Pokemon importiert: Crabominable (739/1302)
Pokemon importiert: Oricorio-baile (740/1302)
Pokemon importiert: Crabrawler (741/1302)
Pokemon importiert: Cutiefly (742/1302)
Pokemon importiert: Rockruff (743/1302)
Pokemon importiert: Wishiwashi-solo (744/1302)
Pokemon importiert: Lycanroc-midday (745/1302)
Pokemon importiert: Mudbray (746/1302)
Pokemon importiert: Mareanie (747/1302)
Pokemon importiert: Toxapex (748/1302)
Pokemon importiert: Ribombee (749/1302)
Pokemon importiert: Mudsdale (750/1302)
Pokemon importiert: Dewpider (751/1302)
Pokemon importiert: Salandit (752/1302)
Pokemon importiert: Morelull (753/1302)
Pokemon importiert: Shiinotic (754/1302)
Pokemon importiert: Fomantis (755/1302)
Pokemon importiert: Lurantis (756/1302)
Pokemon importiert: Araquanid (757/1302)
Pokemon importiert: Stufful (758/1302)
Pokemon importiert: Salazzle (759/1302)
Pokemon importiert: Steenee (760/1302)
Pokemon importiert: Bewear (761/1302)
Pokemon importiert: Bounsweet (762/1302)
Pokemon importiert: Wimpod (763/1302)
Pokemon importiert: Tsareena (764/1302)
Pokemon importiert: Palossand (765/1302)
Pokemon importiert: Comfey (766/1302)
Pokemon importiert: Oranguru (767/1302)
Pokemon importiert: Golisopod (768/1302)
Pokemon importiert: Passimian (769/1302)
Pokemon importiert: Sandygast (770/1302)
Pokemon importiert: Pyukumuku (771/1302)
Pokemon importiert: Type-null (772/1302)
Pokemon importiert: Komala (773/1302)
Pokemon importiert: Silvally (774/1302)
Pokemon importiert: Turtonator (775/1302)
Pokemon importiert: Minior-red-meteor (776/1302)
Pokemon importiert: Bruxish (777/1302)
Pokemon importiert: Togedemaru (778/1302)
Pokemon importiert: Mimikyu-disguised (779/1302)
Pokemon importiert: Drampa (780/1302)
Pokemon importiert: Dhelmise (781/1302)
Pokemon importiert: Hakamo-o (782/1302)
Pokemon importiert: Jangmo-o (783/1302)
Pokemon importiert: Tapu-lele (784/1302)
Pokemon importiert: Cosmoem (785/1302)
Pokemon importiert: Cosmog (786/1302)
Pokemon importiert: Tapu-koko (787/1302)
Pokemon importiert: Kommo-o (788/1302)
Pokemon importiert: Lunala (789/1302)
Pokemon importiert: Tapu-bulu (790/1302)
Pokemon importiert: Tapu-fini (791/1302)
Pokemon importiert: Solgaleo (792/1302)
Pokemon importiert: Guzzlord (793/1302)
Pokemon importiert: Nihilego (794/1302)
Pokemon importiert: Celesteela (795/1302)
Pokemon importiert: Pheromosa (796/1302)
Pokemon importiert: Xurkitree (797/1302)
Pokemon importiert: Kartana (798/1302)
Pokemon importiert: Buzzwole (799/1302)
Pokemon importiert: Necrozma (800/1302)
Pokemon importiert: Magearna (801/1302)
Pokemon importiert: Poipole (802/1302)
Pokemon importiert: Marshadow (803/1302)
Pokemon importiert: Meltan (804/1302)
Pokemon importiert: Melmetal (805/1302)
Pokemon importiert: Stakataka (806/1302)
Pokemon importiert: Blacephalon (807/1302)
Pokemon importiert: Naganadel (809/1302)
Pokemon importiert: Zeraora (808/1302)
Pokemon importiert: Thwackey (810/1302)
Pokemon importiert: Grookey (811/1302)
Pokemon importiert: Scorbunny (812/1302)
Pokemon importiert: Rillaboom (813/1302)
Pokemon importiert: Raboot (814/1302)
Pokemon importiert: Drizzile (815/1302)
Pokemon importiert: Sobble (816/1302)
Pokemon importiert: Cinderace (817/1302)
Pokemon importiert: Rookidee (818/1302)
Pokemon importiert: Blipbug (819/1302)
Pokemon importiert: Skwovet (820/1302)
Pokemon importiert: Corvisquire (821/1302)
Pokemon importiert: Orbeetle (822/1302)
Pokemon importiert: Greedent (823/1302)
Pokemon importiert: Nickit (825/1302)
Pokemon importiert: Corviknight (824/1302)
Pokemon importiert: Dottler (826/1302)
Pokemon importiert: Inteleon (827/1302)
Pokemon importiert: Thievul (828/1302)
Pokemon importiert: Eldegoss (829/1302)
Pokemon importiert: Wooloo (830/1302)
Pokemon importiert: Gossifleur (831/1302)
Pokemon importiert: Dubwool (832/1302)
Pokemon importiert: Yamper (833/1302)
Pokemon importiert: Boltund (834/1302)
Pokemon importiert: Chewtle (835/1302)
Pokemon importiert: Rolycoly (836/1302)
Pokemon importiert: Drednaw (837/1302)
Pokemon importiert: Carkol (838/1302)
Pokemon importiert: Applin (839/1302)
Pokemon importiert: Coalossal (840/1302)
Pokemon importiert: Appletun (841/1302)
Pokemon importiert: Flapple (842/1302)
Pokemon importiert: Cramorant (843/1302)
Pokemon importiert: Barraskewda (844/1302)
Pokemon importiert: Sandaconda (845/1302)
Pokemon importiert: Arrokuda (846/1302)
Pokemon importiert: Silicobra (847/1302)
Pokemon importiert: Toxel (848/1302)
Pokemon importiert: Sizzlipede (849/1302)
Pokemon importiert: Centiskorch (850/1302)
Pokemon importiert: Toxtricity-amped (851/1302)
Pokemon importiert: Clobbopus (852/1302)
Pokemon importiert: Grapploct (853/1302)
Pokemon importiert: Sinistea (854/1302)
Pokemon importiert: Hatterene (855/1302)
Pokemon importiert: Polteageist (856/1302)
Pokemon importiert: Hatenna (857/1302)
Pokemon importiert: Hattrem (858/1302)
Pokemon importiert: Impidimp (859/1302)
Pokemon importiert: Morgrem (860/1302)
Pokemon importiert: Grimmsnarl (862/1302)
Pokemon importiert: Obstagoon (861/1302)
Pokemon importiert: Cursola (863/1302)
Pokemon importiert: Sirfetchd (864/1302)
Pokemon importiert: Perrserker (865/1302)
Pokemon importiert: Mr-rime (866/1302)
Pokemon importiert: Milcery (867/1302)
Pokemon importiert: Runerigus (868/1302)
Pokemon importiert: Frosmoth (869/1302)
Pokemon importiert: Falinks (870/1302)
Pokemon importiert: Snom (871/1302)
Pokemon importiert: Alcremie (872/1302)
Pokemon importiert: Pincurchin (873/1302)
Pokemon importiert: Stonjourner (874/1302)
Pokemon importiert: Eiscue-ice (875/1302)
Pokemon importiert: Cufant (876/1302)
Pokemon importiert: Indeedee-male (877/1302)
Pokemon importiert: Copperajah (878/1302)
Pokemon importiert: Morpeko-full-belly (879/1302)
Pokemon importiert: Dracovish (880/1302)
Pokemon importiert: Dracozolt (882/1302)
Pokemon importiert: Arctozolt (881/1302)
Pokemon importiert: Arctovish (883/1302)
Pokemon importiert: Zacian (884/1302)
Pokemon importiert: Duraludon (885/1302)
Pokemon importiert: Dreepy (886/1302)
Pokemon importiert: Zamazenta (887/1302)
Pokemon importiert: Drakloak (888/1302)
Pokemon importiert: Dragapult (889/1302)
Pokemon importiert: Kubfu (890/1302)
Pokemon importiert: Eternatus (891/1302)
Pokemon importiert: Regieleki (892/1302)
Pokemon importiert: Urshifu-single-strike (893/1302)
Pokemon importiert: Zarude (894/1302)
Pokemon importiert: Regidrago (895/1302)
Pokemon importiert: Glastrier (896/1302)
Pokemon importiert: Wyrdeer (897/1302)
Pokemon importiert: Spectrier (898/1302)
Pokemon importiert: Calyrex (899/1302)
Pokemon importiert: Basculegion-male (900/1302)
Pokemon importiert: Kleavor (901/1302)
Pokemon importiert: Overqwil (902/1302)
Pokemon importiert: Sneasler (903/1302)
Pokemon importiert: Ursaluna (904/1302)
Pokemon importiert: Enamorus-incarnate (905/1302)
Pokemon importiert: Floragato (906/1302)
Pokemon importiert: Sprigatito (907/1302)
Pokemon importiert: Meowscarada (908/1302)
Pokemon importiert: Crocalor (909/1302)
Pokemon importiert: Fuecoco (910/1302)
Pokemon importiert: Quaxwell (912/1302)
Pokemon importiert: Quaxly (911/1302)
Pokemon importiert: Skeledirge (913/1302)
Pokemon importiert: Quaquaval (914/1302)
Pokemon importiert: Spidops (915/1302)
Pokemon importiert: Oinkologne-male (916/1302)
Pokemon importiert: Lechonk (917/1302)
Pokemon importiert: Nymble (918/1302)
Pokemon importiert: Tarountula (919/1302)
Pokemon importiert: Lokix (920/1302)
Pokemon importiert: Pawmi (921/1302)
Pokemon importiert: Pawmo (922/1302)
Pokemon importiert: Pawmot (923/1302)
Pokemon importiert: Arboliva (924/1302)
Pokemon importiert: Maushold-family-of-four (925/1302)
Pokemon importiert: Smoliv (926/1302)
Pokemon importiert: Tandemaus (927/1302)
Pokemon importiert: Dachsbun (929/1302)
Pokemon importiert: Squawkabilly-green-plumage (928/1302)
Pokemon importiert: Dolliv (930/1302)
Pokemon importiert: Fidough (931/1302)
Pokemon importiert: Nacli (932/1302)
Pokemon importiert: Naclstack (933/1302)
Pokemon importiert: Garganacl (934/1302)
Pokemon importiert: Armarouge (935/1302)
Pokemon importiert: Charcadet (936/1302)
Pokemon importiert: Wattrel (937/1302)
Pokemon importiert: Maschiff (938/1302)
Pokemon importiert: Bellibolt (939/1302)
Pokemon importiert: Kilowattrel (940/1302)
Pokemon importiert: Ceruledge (941/1302)
Pokemon importiert: Tadbulb (942/1302)
Pokemon importiert: Mabosstiff (943/1302)
Pokemon importiert: Shroodle (944/1302)
Pokemon importiert: Bramblin (945/1302)
Pokemon importiert: Toedscruel (946/1302)
Pokemon importiert: Capsakid (947/1302)
Pokemon importiert: Klawf (948/1302)
Pokemon importiert: Toedscool (949/1302)
Pokemon importiert: Grafaiai (950/1302)
Pokemon importiert: Scovillain (951/1302)
Pokemon importiert: Rabsca (952/1302)
Pokemon importiert: Brambleghast (953/1302)
Pokemon importiert: Rellor (954/1302)
Pokemon importiert: Bombirdier (955/1302)
Pokemon importiert: Flittle (956/1302)
Pokemon importiert: Wiglett (957/1302)
Pokemon importiert: Tinkatuff (958/1302)
Pokemon importiert: Wugtrio (959/1302)
Pokemon importiert: Finizen (960/1302)
Pokemon importiert: Tinkatink (961/1302)
Pokemon importiert: Palafin-zero (962/1302)
Pokemon importiert: Tinkaton (963/1302)
Pokemon importiert: Espathra (964/1302)
Pokemon importiert: Varoom (965/1302)
Pokemon importiert: Glimmora (966/1302)
Pokemon importiert: Glimmet (967/1302)
Pokemon importiert: Houndstone (968/1302)
Pokemon importiert: Cyclizar (969/1302)
Pokemon importiert: Orthworm (970/1302)
Pokemon importiert: Revavroom (971/1302)
Pokemon importiert: Greavard (972/1302)
Pokemon importiert: Cetoddle (973/1302)
Pokemon importiert: Flamigo (974/1302)
Pokemon importiert: Cetitan (975/1302)
Pokemon importiert: Veluza (976/1302)
Pokemon importiert: Dondozo (977/1302)
Pokemon importiert: Tatsugiri-curly (978/1302)
Pokemon importiert: Farigiraf (979/1302)
Pokemon importiert: Clodsire (980/1302)
Pokemon importiert: Kingambit (981/1302)
Pokemon importiert: Annihilape (982/1302)
Pokemon importiert: Dudunsparce-two-segment (983/1302)
Pokemon importiert: Scream-tail (984/1302)
Pokemon importiert: Great-tusk (985/1302)
Pokemon importiert: Brute-bonnet (986/1302)
Pokemon importiert: Slither-wing (987/1302)
Pokemon importiert: Flutter-mane (988/1302)
Pokemon importiert: Iron-hands (989/1302)
Pokemon importiert: Iron-treads (990/1302)
Pokemon importiert: Iron-bundle (991/1302)
Pokemon importiert: Sandy-shocks (992/1302)
Pokemon importiert: Iron-moth (993/1302)
Pokemon importiert: Iron-jugulis (994/1302)
Pokemon importiert: Iron-thorns (995/1302)
Pokemon importiert: Frigibax (996/1302)
Pokemon importiert: Arctibax (997/1302)
Pokemon importiert: Baxcalibur (998/1302)
Pokemon importiert: Ting-lu (999/1302)
Pokemon importiert: Gimmighoul (1000/1302)
Pokemon importiert: Wo-chien (1001/1302)
Pokemon importiert: Chien-pao (1002/1302)
Pokemon importiert: Gholdengo (1003/1302)
Pokemon importiert: Chi-yu (1004/1302)
Pokemon importiert: Roaring-moon (1005/1302)
Pokemon importiert: Walking-wake (1006/1302)
Pokemon importiert: Koraidon (1007/1302)
Pokemon importiert: Miraidon (1008/1302)
Pokemon importiert: Iron-valiant (1009/1302)
Pokemon importiert: Dipplin (1011/1302)
Pokemon importiert: Iron-leaves (1010/1302)
Pokemon importiert: Poltchageist (1012/1302)
Pokemon importiert: Sinistcha (1013/1302)
Pokemon importiert: Munkidori (1014/1302)
Pokemon importiert: Okidogi (1015/1302)
Pokemon importiert: Fezandipiti (1016/1302)
Pokemon importiert: Ogerpon (1017/1302)
Pokemon importiert: Hydrapple (1018/1302)
Pokemon importiert: Iron-crown (1019/1302)
Pokemon importiert: Iron-boulder (1020/1302)
Pokemon importiert: Archaludon (1021/1302)
Pokemon importiert: Gouging-fire (1022/1302)
Pokemon importiert: Raging-bolt (1023/1302)
Pokemon importiert: Pecharunt (1024/1302)
Pokemon importiert: Terapagos (1025/1302)
Pokemon importiert: Wormadam-trash (1026/1302)
Pokemon importiert: Shaymin-sky (1027/1302)
Pokemon importiert: Wormadam-sandy (1028/1302)
Pokemon importiert: Deoxys-defense (1029/1302)
Pokemon importiert: Rotom-heat (1030/1302)
Pokemon importiert: Deoxys-speed (1031/1302)
Pokemon importiert: Giratina-origin (1033/1302)
Pokemon importiert: Deoxys-attack (1032/1302)
Pokemon importiert: Rotom-wash (1034/1302)
Pokemon importiert: Rotom-frost (1035/1302)
Pokemon importiert: Rotom-mow (1036/1302)
Pokemon importiert: Rotom-fan (1037/1302)
Pokemon importiert: Darmanitan-zen (1038/1302)
Pokemon importiert: Castform-rainy (1039/1302)
Pokemon importiert: Basculin-blue-striped (1040/1302)
Pokemon importiert: Castform-sunny (1041/1302)
Pokemon importiert: Meloetta-pirouette (1042/1302)
Pokemon importiert: Thundurus-therian (1043/1302)
Pokemon importiert: Castform-snowy (1044/1302)
Pokemon importiert: Tornadus-therian (1045/1302)
Pokemon importiert: Landorus-therian (1046/1302)
Pokemon importiert: Kyurem-black (1047/1302)
Pokemon importiert: Kyurem-white (1048/1302)
Pokemon importiert: Aegislash-blade (1049/1302)
Pokemon importiert: Keldeo-resolute (1050/1302)
Pokemon importiert: Meowstic-female (1051/1302)
Pokemon importiert: Pumpkaboo-small (1052/1302)
Pokemon importiert: Venusaur-mega (1053/1302)
Pokemon importiert: Pumpkaboo-large (1054/1302)
Pokemon importiert: Pumpkaboo-super (1055/1302)
Pokemon importiert: Gourgeist-large (1056/1302)
Pokemon importiert: Gourgeist-small (1057/1302)
Pokemon importiert: Gourgeist-super (1058/1302)
Pokemon importiert: Charizard-mega-x (1059/1302)
Pokemon importiert: Charizard-mega-y (1060/1302)
Pokemon importiert: Blastoise-mega (1061/1302)
Pokemon importiert: Alakazam-mega (1062/1302)
Pokemon importiert: Gengar-mega (1063/1302)
Pokemon importiert: Pinsir-mega (1064/1302)
Pokemon importiert: Kangaskhan-mega (1065/1302)
Pokemon importiert: Gyarados-mega (1066/1302)
Pokemon importiert: Mewtwo-mega-x (1067/1302)
Pokemon importiert: Aerodactyl-mega (1068/1302)
Pokemon importiert: Ampharos-mega (1069/1302)
Pokemon importiert: Houndoom-mega (1070/1302)
Pokemon importiert: Mewtwo-mega-y (1071/1302)
Pokemon importiert: Scizor-mega (1072/1302)
Pokemon importiert: Heracross-mega (1073/1302)
Pokemon importiert: Tyranitar-mega (1074/1302)
Pokemon importiert: Manectric-mega (1075/1302)
Pokemon importiert: Blaziken-mega (1076/1302)
Pokemon importiert: Gardevoir-mega (1077/1302)
Pokemon importiert: Medicham-mega (1078/1302)
Pokemon importiert: Mawile-mega (1079/1302)
Pokemon importiert: Garchomp-mega (1080/1302)
Pokemon importiert: Abomasnow-mega (1081/1302)
Pokemon importiert: Lucario-mega (1082/1302)
Pokemon importiert: Absol-mega (1083/1302)
Pokemon importiert: Aggron-mega (1084/1302)
Pokemon importiert: Banette-mega (1085/1302)
Pokemon importiert: Floette-eternal (1086/1302)
Pokemon importiert: Latias-mega (1087/1302)
Pokemon importiert: Swampert-mega (1088/1302)
Pokemon importiert: Latios-mega (1089/1302)
Pokemon importiert: Altaria-mega (1090/1302)
Pokemon importiert: Pidgeot-mega (1091/1302)
Pokemon importiert: Sceptile-mega (1092/1302)
Pokemon importiert: Sharpedo-mega (1093/1302)
Pokemon importiert: Sableye-mega (1094/1302)
Pokemon importiert: Glalie-mega (1095/1302)
Pokemon importiert: Steelix-mega (1096/1302)
Pokemon importiert: Slowbro-mega (1097/1302)
Pokemon importiert: Audino-mega (1098/1302)
Pokemon importiert: Diancie-mega (1099/1302)
Pokemon importiert: Gallade-mega (1100/1302)
Pokemon importiert: Metagross-mega (1101/1302)
Pokemon importiert: Pikachu-cosplay (1102/1302)
Pokemon importiert: Kyogre-primal (1103/1302)
Pokemon importiert: Pikachu-belle (1104/1302)
Pokemon importiert: Groudon-primal (1105/1302)
Pokemon importiert: Pikachu-rock-star (1106/1302)
Pokemon importiert: Pikachu-pop-star (1107/1302)
Pokemon importiert: Pikachu-phd (1108/1302)
Pokemon importiert: Pikachu-libre (1109/1302)
Pokemon importiert: Rayquaza-mega (1110/1302)
Pokemon importiert: Camerupt-mega (1111/1302)
Pokemon importiert: Raticate-alola (1112/1302)
Pokemon importiert: Lopunny-mega (1113/1302)
Pokemon importiert: Beedrill-mega (1114/1302)
Pokemon importiert: Hoopa-unbound (1115/1302)
Pokemon importiert: Rattata-alola (1116/1302)
Pokemon importiert: Salamence-mega (1117/1302)
Pokemon importiert: Raticate-totem-alola (1118/1302)
Pokemon importiert: Pikachu-sinnoh-cap (1119/1302)
Pokemon importiert: Pikachu-hoenn-cap (1120/1302)
Pokemon importiert: Pikachu-original-cap (1121/1302)
Pokemon importiert: Ninetales-alola (1122/1302)
Pokemon importiert: Pikachu-unova-cap (1123/1302)
Pokemon importiert: Pikachu-alola-cap (1124/1302)
Pokemon importiert: Raichu-alola (1125/1302)
Pokemon importiert: Pikachu-kalos-cap (1126/1302)
Pokemon importiert: Sandslash-alola (1127/1302)
Pokemon importiert: Vulpix-alola (1128/1302)
Pokemon importiert: Diglett-alola (1129/1302)
Pokemon importiert: Meowth-alola (1130/1302)
Pokemon importiert: Dugtrio-alola (1131/1302)
Pokemon importiert: Marowak-alola (1132/1302)
Pokemon importiert: Graveler-alola (1133/1302)
Pokemon importiert: Geodude-alola (1134/1302)
Pokemon importiert: Persian-alola (1135/1302)
Pokemon importiert: Sandshrew-alola (1136/1302)
Pokemon importiert: Golem-alola (1137/1302)
Pokemon importiert: Grimer-alola (1138/1302)
Pokemon importiert: Muk-alola (1139/1302)
Pokemon importiert: Exeggutor-alola (1140/1302)
Pokemon importiert: Greninja-battle-bond (1141/1302)
Pokemon importiert: Greninja-ash (1142/1302)
Pokemon importiert: Zygarde-10-power-construct (1143/1302)
Pokemon importiert: Zygarde-complete (1144/1302)
Pokemon importiert: Gumshoos-totem (1145/1302)
Pokemon importiert: Zygarde-50-power-construct (1146/1302)
Pokemon importiert: Vikavolt-totem (1147/1302)
Pokemon importiert: Oricorio-pom-pom (1148/1302)
Pokemon importiert: Oricorio-pau (1149/1302)
Pokemon importiert: Wishiwashi-school (1150/1302)
Pokemon importiert: Oricorio-sensu (1151/1302)
Pokemon importiert: Lurantis-totem (1152/1302)
Pokemon importiert: Salazzle-totem (1153/1302)
Pokemon importiert: Lycanroc-midnight (1154/1302)
Pokemon importiert: Minior-violet-meteor (1155/1302)
Pokemon importiert: Minior-yellow-meteor (1156/1302)
Pokemon importiert: Minior-green-meteor (1157/1302)
Pokemon importiert: Minior-orange-meteor (1158/1302)
Pokemon importiert: Minior-blue-meteor (1159/1302)
Pokemon importiert: Minior-indigo-meteor (1160/1302)
Pokemon importiert: Minior-red (1161/1302)
Pokemon importiert: Minior-blue (1162/1302)
Pokemon importiert: Minior-orange (1163/1302)
Pokemon importiert: Minior-yellow (1164/1302)
Pokemon importiert: Minior-green (1165/1302)
Pokemon importiert: Minior-violet (1166/1302)
Pokemon importiert: Mimikyu-totem-disguised (1167/1302)
Pokemon importiert: Minior-indigo (1168/1302)
Pokemon importiert: Mimikyu-totem-busted (1169/1302)
Pokemon importiert: Mimikyu-busted (1170/1302)
Pokemon importiert: Kommo-o-totem (1171/1302)
Pokemon importiert: Magearna-original (1172/1302)
Pokemon importiert: Pikachu-partner-cap (1173/1302)
Pokemon importiert: Marowak-totem (1174/1302)
Pokemon importiert: Araquanid-totem (1175/1302)
Pokemon importiert: Rockruff-own-tempo (1176/1302)
Pokemon importiert: Ribombee-totem (1177/1302)
Pokemon importiert: Lycanroc-dusk (1178/1302)
Pokemon importiert: Necrozma-ultra (1179/1302)
Pokemon importiert: Togedemaru-totem (1180/1302)
Pokemon importiert: Necrozma-dusk (1181/1302)
Pokemon importiert: Pikachu-starter (1182/1302)
Pokemon importiert: Necrozma-dawn (1183/1302)
Pokemon importiert: Eevee-starter (1184/1302)
Pokemon importiert: Slowpoke-galar (1185/1302)
Pokemon importiert: Meowth-galar (1186/1302)
Pokemon importiert: Pikachu-world-cap (1187/1302)
Pokemon importiert: Rapidash-galar (1188/1302)
Pokemon importiert: Ponyta-galar (1189/1302)
Pokemon importiert: Farfetchd-galar (1190/1302)
Pokemon importiert: Weezing-galar (1191/1302)
Pokemon importiert: Slowbro-galar (1192/1302)
Pokemon importiert: Mr-mime-galar (1193/1302)
Pokemon importiert: Articuno-galar (1194/1302)
Pokemon importiert: Zapdos-galar (1195/1302)
Pokemon importiert: Corsola-galar (1196/1302)
Pokemon importiert: Moltres-galar (1197/1302)
Pokemon importiert: Zigzagoon-galar (1198/1302)
Pokemon importiert: Slowking-galar (1199/1302)
Pokemon importiert: Linoone-galar (1200/1302)
Pokemon importiert: Darumaka-galar (1201/1302)
Pokemon importiert: Yamask-galar (1202/1302)
Pokemon importiert: Darmanitan-galar-zen (1203/1302)
Pokemon importiert: Darmanitan-galar-standard (1204/1302)
Pokemon importiert: Stunfisk-galar (1205/1302)
Pokemon importiert: Cramorant-gulping (1206/1302)
Pokemon importiert: Cramorant-gorging (1207/1302)
Pokemon importiert: Zygarde-10 (1208/1302)
Pokemon importiert: Morpeko-hangry (1209/1302)
Pokemon importiert: Indeedee-female (1210/1302)
Pokemon importiert: Eiscue-noice (1211/1302)
Pokemon importiert: Toxtricity-low-key (1212/1302)
Pokemon importiert: Zacian-crowned (1213/1302)
Pokemon importiert: Zamazenta-crowned (1214/1302)
Pokemon importiert: Eternatus-eternamax (1215/1302)
Pokemon importiert: Venusaur-gmax (1216/1302)
Pokemon importiert: Calyrex-shadow (1217/1302)
Pokemon importiert: Urshifu-rapid-strike (1218/1302)
Pokemon importiert: Blastoise-gmax (1219/1302)
Pokemon importiert: Charizard-gmax (1220/1302)
Pokemon importiert: Zarude-dada (1221/1302)
Pokemon importiert: Calyrex-ice (1222/1302)
Pokemon importiert: Butterfree-gmax (1223/1302)
Pokemon importiert: Pikachu-gmax (1224/1302)
Pokemon importiert: Meowth-gmax (1225/1302)
Pokemon importiert: Gengar-gmax (1226/1302)
Pokemon importiert: Machamp-gmax (1227/1302)
Pokemon importiert: Kingler-gmax (1228/1302)
Pokemon importiert: Lapras-gmax (1229/1302)
Pokemon importiert: Eevee-gmax (1230/1302)
Pokemon importiert: Snorlax-gmax (1231/1302)
Pokemon importiert: Garbodor-gmax (1232/1302)
Pokemon importiert: Melmetal-gmax (1233/1302)
Pokemon importiert: Rillaboom-gmax (1234/1302)
Pokemon importiert: Inteleon-gmax (1235/1302)
Pokemon importiert: Corviknight-gmax (1236/1302)
Pokemon importiert: Orbeetle-gmax (1237/1302)
Pokemon importiert: Cinderace-gmax (1238/1302)
Pokemon importiert: Drednaw-gmax (1239/1302)
Pokemon importiert: Coalossal-gmax (1240/1302)
Pokemon importiert: Appletun-gmax (1241/1302)
Pokemon importiert: Flapple-gmax (1242/1302)
Pokemon importiert: Sandaconda-gmax (1243/1302)
Pokemon importiert: Toxtricity-amped-gmax (1244/1302)
Pokemon importiert: Centiskorch-gmax (1245/1302)
Pokemon importiert: Hatterene-gmax (1246/1302)
Pokemon importiert: Grimmsnarl-gmax (1247/1302)
Pokemon importiert: Alcremie-gmax (1248/1302)
Pokemon importiert: Copperajah-gmax (1249/1302)
Pokemon importiert: Urshifu-single-strike-gmax (1250/1302)
Pokemon importiert: Duraludon-gmax (1251/1302)
Pokemon importiert: Urshifu-rapid-strike-gmax (1252/1302)
Pokemon importiert: Toxtricity-low-key-gmax (1253/1302)
Pokemon importiert: Growlithe-hisui (1254/1302)
Pokemon importiert: Arcanine-hisui (1255/1302)
Pokemon importiert: Voltorb-hisui (1256/1302)
Pokemon importiert: Electrode-hisui (1257/1302)
Pokemon importiert: Typhlosion-hisui (1258/1302)
Pokemon importiert: Qwilfish-hisui (1259/1302)
Pokemon importiert: Samurott-hisui (1260/1302)
Pokemon importiert: Sneasel-hisui (1261/1302)
Pokemon importiert: Zorua-hisui (1262/1302)
Pokemon importiert: Lilligant-hisui (1263/1302)
Pokemon importiert: Sliggoo-hisui (1264/1302)
Pokemon importiert: Zoroark-hisui (1265/1302)
Pokemon importiert: Braviary-hisui (1266/1302)
Pokemon importiert: Goodra-hisui (1267/1302)
Pokemon importiert: Avalugg-hisui (1268/1302)
Pokemon importiert: Decidueye-hisui (1269/1302)
Pokemon importiert: Palkia-origin (1270/1302)
Pokemon importiert: Dialga-origin (1271/1302)
Pokemon importiert: Basculin-white-striped (1272/1302)
Pokemon importiert: Enamorus-therian (1273/1302)
Pokemon importiert: Basculegion-female (1274/1302)
Pokemon importiert: Tauros-paldea-blaze-breed (1276/1302)
Pokemon importiert: Tauros-paldea-combat-breed (1275/1302)
Pokemon importiert: Tauros-paldea-aqua-breed (1277/1302)
Pokemon importiert: Wooper-paldea (1278/1302)
Pokemon importiert: Tatsugiri-droopy (1279/1302)
Pokemon importiert: Oinkologne-female (1280/1302)
Pokemon importiert: Maushold-family-of-three (1281/1302)
Pokemon importiert: Palafin-hero (1282/1302)
Pokemon importiert: Dudunsparce-three-segment (1283/1302)
Pokemon importiert: Tatsugiri-stretchy (1284/1302)
Pokemon importiert: Squawkabilly-yellow-plumage (1285/1302)
Pokemon importiert: Squawkabilly-blue-plumage (1286/1302)
Pokemon importiert: Squawkabilly-white-plumage (1287/1302)
Pokemon importiert: Koraidon-limited-build (1288/1302)
Pokemon importiert: Gimmighoul-roaming (1289/1302)
Pokemon importiert: Koraidon-gliding-build (1290/1302)
Pokemon importiert: Koraidon-swimming-build (1291/1302)
Pokemon importiert: Koraidon-sprinting-build (1292/1302)
Pokemon importiert: Miraidon-low-power-mode (1293/1302)
Pokemon importiert: Miraidon-drive-mode (1294/1302)
Pokemon importiert: Miraidon-aquatic-mode (1295/1302)
Pokemon importiert: Ogerpon-hearthflame-mask (1296/1302)
Pokemon importiert: Miraidon-glide-mode (1297/1302)
Pokemon importiert: Ursaluna-bloodmoon (1298/1302)
Pokemon importiert: Ogerpon-wellspring-mask (1299/1302)
Pokemon importiert: Terapagos-stellar (1300/1302)
Pokemon importiert: Ogerpon-cornerstone-mask (1301/1302)
Pokemon importiert: Terapagos-terastal (1302/1302)
Import fertig! 1302 Pokémon wurden erfolgreich importiert, 0 Fehler.
Dauer des Imports: 11.116 Sekunden
Durchschnittliche Zeit pro Pokémon: 0.008537634408602151 Sekunden
]]></system-out>
    <system-err><![CDATA[Mockito is currently self-attaching to enable the inline-mock-maker. This will no longer work in future releases of the JDK. Please add Mockito as an agent to your build what is described in Mockito's documentation: https://javadoc.io/doc/org.mockito/mockito-core/latest/org/mockito/Mockito.html#0.3
WARNING: A Java agent has been loaded dynamically (/Users/amruabd/.m2/repository/net/bytebuddy/byte-buddy-agent/1.15.11/byte-buddy-agent-1.15.11.jar)
WARNING: If a serviceability tool is in use, please run with -XX:+EnableDynamicAgentLoading to hide this warning
WARNING: If a serviceability tool is not in use, please run with -Djdk.instrument.traceUsage for more information
WARNING: Dynamic loading of agents will be disallowed by default in a future release
]]></system-err>
  </testcase>
  <testcase name="testGetPokemonById" classname="com.example.pokedex.service.PokemonServiceTest" time="0.01"/>
  <testcase name="testCreatePokemon" classname="com.example.pokedex.service.PokemonServiceTest" time="0.002"/>
  <testcase name="testUpdatePokemon" classname="com.example.pokedex.service.PokemonServiceTest" time="0.001"/>
  <testcase name="testGetPokemonByName" classname="com.example.pokedex.service.PokemonServiceTest" time="0.001"/>
  <testcase name="testUpdatePokemon_NameAlreadyExists" classname="com.example.pokedex.service.PokemonServiceTest" time="0.001"/>
  <testcase name="contextLoads" classname="com.example.pokedex.service.PokemonServiceTest" time="0.001"/>
  <testcase name="testUpdatePokemon_InvalidPokemon" classname="com.example.pokedex.service.PokemonServiceTest" time="0.001"/>
  <testcase name="testDeletePokemon" classname="com.example.pokedex.service.PokemonServiceTest" time="0.005">
    <error message="Pokemon nicht gefunden mit ID: 1" type="jakarta.persistence.EntityNotFoundException"><![CDATA[jakarta.persistence.EntityNotFoundException: Pokemon nicht gefunden mit ID: 1
	at com.example.pokedex.service.PokemonService.lambda$getPokemonById$0(PokemonService.java:55)
	at java.base/java.util.Optional.orElseThrow(Optional.java:403)
	at com.example.pokedex.service.PokemonService.getPokemonById(PokemonService.java:55)
	at com.example.pokedex.service.PokemonService.deletePokemon(PokemonService.java:90)
	at com.example.pokedex.service.PokemonServiceTest.testDeletePokemon(PokemonServiceTest.java:135)
	at java.base/java.lang.reflect.Method.invoke(Method.java:580)
	at java.base/java.util.ArrayList.forEach(ArrayList.java:1596)
	at java.base/java.util.ArrayList.forEach(ArrayList.java:1596)
]]></error>
  </testcase>
</testsuite>